<?xml version="1.0" encoding="UTF-8"?>
<!-- Generated by org.testng.reporters.JUnitXMLReporter -->
<testsuite ignored="4" hostname="Apoorvs-MacBook-Air.local" failures="0" tests="4" name="Test" time="0.159" errors="0" timestamp="2024-02-17T18:41:40 IST">
  <testcase classname="testcases.HomeLoanTest" name="test1" time="0.009"/>
  <testcase classname="testcases.HomeLoanTest" name="test2" time="0.004"/>
  <testcase classname="testcases.CarLoanTest" name="test3" time="0.011"/>
  <testcase classname="testcases.CreditCardTest" name="test4" time="0.002"/>
  <testcase classname="testcases.BaseClass" name="@BeforeTest method3" time="0.0">
    <ignored/>
  </testcase> <!-- @BeforeTest method3 -->
  <testcase classname="testcases.BaseClass" name="@AfterTest method4" time="0.0">
    <ignored/>
  </testcase> <!-- @AfterTest method4 -->
  <testcase classname="testcases.BaseClass" name="@AfterTest method4" time="0.0">
    <ignored/>
  </testcase> <!-- @AfterTest method4 -->
  <testcase classname="testcases.BaseClass" name="@BeforeTest method3" time="0.0">
    <ignored/>
  </testcase> <!-- @BeforeTest method3 -->
</testsuite> <!-- Test -->
