<?xml version="1.0" encoding="UTF-8"?>
<testng-results ignored="0" total="2" passed="2" failed="0" skipped="0">
  <reporter-output>
  </reporter-output>
  <suite started-at="2024-02-17T23:07:29 IST" name="Sanity" finished-at="2024-02-17T23:07:29 IST" duration-ms="153">
    <groups>
      <group name="regression">
        <method signature="HomeLoanTest.test2()[pri:0, instance:testcases.HomeLoanTest@22a637e7]" name="test2" class="testcases.HomeLoanTest"/>
      </group> <!-- regression -->
      <group name="sanity">
        <method signature="CreditCardTest.test4()[pri:0, instance:testcases.CreditCardTest@5ae50ce6]" name="test4" class="testcases.CreditCardTest"/>
        <method signature="HomeLoanTest.test2()[pri:0, instance:testcases.HomeLoanTest@22a637e7]" name="test2" class="testcases.HomeLoanTest"/>
      </group> <!-- sanity -->
    </groups>
    <test started-at="2024-02-17T23:07:29 IST" name="Test" finished-at="2024-02-17T23:07:29 IST" duration-ms="153">
      <class name="testcases.CreditCardTest">
        <test-method is-config="true" signature="method1()[pri:0, instance:testcases.CreditCardTest@5ae50ce6]" started-at="2024-02-17T23:07:29 IST" name="method1" finished-at="2024-02-17T23:07:29 IST" duration-ms="1" status="PASS">
          <reporter-output>
          </reporter-output>
        </test-method> <!-- method1 -->
        <test-method signature="test4()[pri:0, instance:testcases.CreditCardTest@5ae50ce6]" started-at="2024-02-17T23:07:29 IST" name="test4" finished-at="2024-02-17T23:07:29 IST" duration-ms="2" status="PASS">
          <reporter-output>
          </reporter-output>
        </test-method> <!-- test4 -->
        <test-method is-config="true" signature="method2()[pri:0, instance:testcases.CreditCardTest@5ae50ce6]" started-at="2024-02-17T23:07:29 IST" name="method2" finished-at="2024-02-17T23:07:29 IST" duration-ms="3" status="PASS">
          <reporter-output>
          </reporter-output>
        </test-method> <!-- method2 -->
      </class> <!-- testcases.CreditCardTest -->
      <class name="testcases.HomeLoanTest">
        <test-method is-config="true" signature="method3()[pri:0, instance:testcases.HomeLoanTest@22a637e7]" started-at="2024-02-17T23:07:29 IST" name="method3" finished-at="2024-02-17T23:07:29 IST" duration-ms="18" status="PASS">
          <reporter-output>
          </reporter-output>
        </test-method> <!-- method3 -->
        <test-method is-config="true" signature="method1()[pri:0, instance:testcases.HomeLoanTest@22a637e7]" started-at="2024-02-17T23:07:29 IST" name="method1" finished-at="2024-02-17T23:07:29 IST" duration-ms="1" status="PASS">
          <reporter-output>
          </reporter-output>
        </test-method> <!-- method1 -->
        <test-method signature="test2()[pri:0, instance:testcases.HomeLoanTest@22a637e7]" started-at="2024-02-17T23:07:29 IST" name="test2" finished-at="2024-02-17T23:07:29 IST" duration-ms="15" status="PASS">
          <reporter-output>
          </reporter-output>
        </test-method> <!-- test2 -->
        <test-method is-config="true" signature="method2()[pri:0, instance:testcases.HomeLoanTest@22a637e7]" started-at="2024-02-17T23:07:29 IST" name="method2" finished-at="2024-02-17T23:07:29 IST" duration-ms="7" status="PASS">
          <reporter-output>
          </reporter-output>
        </test-method> <!-- method2 -->
        <test-method is-config="true" signature="method4()[pri:0, instance:testcases.HomeLoanTest@22a637e7]" started-at="2024-02-17T23:07:29 IST" name="method4" finished-at="2024-02-17T23:07:29 IST" duration-ms="0" status="PASS">
          <reporter-output>
          </reporter-output>
        </test-method> <!-- method4 -->
      </class> <!-- testcases.HomeLoanTest -->
    </test> <!-- Test -->
  </suite> <!-- Sanity -->
</testng-results>
